<?xml version="1.0" encoding="UTF-8"?>
<!-- Generated by org.testng.reporters.JUnitReportReporter -->
<testsuite hostname="Akshat" failures="0" tests="1" name="com.testNGclass.NewTest1" time="1.044" errors="0" timestamp="2022-11-25T16:01:36 IST" skipped="0">
  <testcase classname="com.testNGclass.NewTest1" name="f" time="1.044"/>
  <system-out/>
</testsuite> <!-- com.testNGclass.NewTest1 -->
