<?xml version="1.0" encoding="UTF-8"?>
<!-- Generated by org.testng.reporters.JUnitReportReporter -->
<testsuite hostname="Akshat" failures="0" tests="1" name="FirstTestNg" time="1.239" errors="0" timestamp="2022-11-20T12:42:34 IST" skipped="0">
  <testcase classname="FirstTestNg" name="Test" time="1.239"/>
  <system-out/>
</testsuite> <!-- FirstTestNg -->
